% mean class accuracy (train set)	
 9.3719e+01	
 9.8405e+01	
 9.8831e+01	
 9.9110e+01	
 9.9286e+01	
 9.9414e+01	
 9.9488e+01	
 9.9574e+01	
 9.9633e+01	
 9.9693e+01	
 9.9755e+01	
 9.9800e+01	
 9.9824e+01	
 9.9850e+01	
 9.9852e+01	
 9.9900e+01	
 9.9917e+01	
 9.9902e+01	
 9.9924e+01	
 9.9933e+01	
 9.9945e+01	
 9.9950e+01	
 9.9955e+01	
 9.9964e+01	
 9.9960e+01	
 9.9967e+01	
 9.9971e+01	
 9.9979e+01	
 9.9981e+01	
 9.9981e+01	
 9.9986e+01	
 9.9979e+01	
 9.9986e+01	
 9.9983e+01	
 9.9990e+01	
 9.9988e+01	
 9.9983e+01	
 9.9986e+01	
 9.9988e+01	
 9.9990e+01	
